#
# A fatal error has been detected by the Java Runtime Environment:
#
#  EXCEPTION_ACCESS_VIOLATION (0xc0000005) at pc=0x00007ff9acade26e, pid=4168, tid=2492
#
# JRE version:  (21.0.7+6) (build )
# Java VM: OpenJDK 64-Bit Server VM (21.0.7+6-LTS, mixed mode, sharing, tiered, compressed oops, compressed class ptrs, g1 gc, windows-amd64)
# Problematic frame:
# V  [jvm.dll+0x30e26e]
#
# No core dump will be written. Minidumps are not enabled by default on client versions of Windows
#
#

---------------  S U M M A R Y ------------

Command Line: -Dclassworlds.conf=C:\Users\Admin\AppData\Roaming\Cursor\User\globalStorage\pleiades.java-extension-pack-jdk\maven\latest\bin\m2.conf -Dmaven.home=C:\Users\Admin\AppData\Roaming\Cursor\User\globalStorage\pleiades.java-extension-pack-jdk\maven\latest -Dlibrary.jansi.path=C:\Users\Admin\AppData\Roaming\Cursor\User\globalStorage\pleiades.java-extension-pack-jdk\maven\latest\lib\jansi-native -Dmaven.multiModuleProjectDirectory=D:\ReviewStarup\revieworld org.codehaus.plexus.classworlds.launcher.Launcher spring-boot:run

Host: Intel(R) Xeon(R) CPU E5-2676 v3 @ 2.40GHz, 24 cores, 31G,  Windows 10 , 64 bit Build 19041 (10.0.19041.5794)
Time: Tue May 20 11:01:40 2025 SE Asia Standard Time elapsed time: 0.048737 seconds (0d 0h 0m 0s)

---------------  T H R E A D  ---------------

Current thread (0x000002b48bb82300):  JavaThread "Unknown thread" [_thread_in_vm, id=2492, stack(0x000000fa15f00000,0x000000fa16000000) (1024K)]

Stack: [0x000000fa15f00000,0x000000fa16000000],  sp=0x000000fa15fff410,  free space=1021k
Native frames: (J=compiled Java code, j=interpreted, Vv=VM code, C=native code)
V  [jvm.dll+0x30e26e]
V  [jvm.dll+0x30eba8]
V  [jvm.dll+0x676e59]
V  [jvm.dll+0x677089]
V  [jvm.dll+0x676441]
V  [jvm.dll+0x671bf8]
V  [jvm.dll+0x871765]
V  [jvm.dll+0x3bc501]
V  [jvm.dll+0x85a743]
V  [jvm.dll+0x45080e]
V  [jvm.dll+0x452451]
C  [jli.dll+0x5278]
C  [ucrtbase.dll+0x21bb2]
C  [KERNEL32.DLL+0x17374]
C  [ntdll.dll+0x4cc91]


siginfo: EXCEPTION_ACCESS_VIOLATION (0xc0000005), reading address 0x0000000000000000


Registers:
RAX=0x00009d1951e94157, RBX=0x0000000000000000, RCX=0x0000000000000000, RDX=0x0000000000000001
RSP=0x000000fa15fff410, RBP=0x0000000000000001, RSI=0x000002b4ac3ace58, RDI=0x000002b4aa5b9680
R8 =0x0000000000000001, R9 =0x0000000000000001, R10=0x0000000000000000, R11=0x0000000000000246
R12=0x0000000000000000, R13=0x000002b48bb64220, R14=0x0000000000000001, R15=0x000002b4ac000000
RIP=0x00007ff9acade26e, EFLAGS=0x0000000000010246

XMM[0]=0x0000000000000000 0x0000000000000000
XMM[1]=0x0000000000000000 0x0000000000000000
XMM[2]=0x0000000000000000 0x0000000000000000
XMM[3]=0x0000000000000000 0x0000000000000000
XMM[4]=0x0000000000000000 0x0000000000000000
XMM[5]=0x0000000000000000 0x0000000000000000
XMM[6]=0x0000000000000000 0x0000000000000000
XMM[7]=0x0000000000000000 0x0000000000000000
XMM[8]=0x0000000000000000 0x0000000000000000
XMM[9]=0x0000000000000000 0x0000000000000000
XMM[10]=0x0000000000000000 0x0000000000000000
XMM[11]=0x0000000000000000 0x0000000000000000
XMM[12]=0x0000000000000000 0x0000000000000000
XMM[13]=0x0000000000000000 0x0000000000000000
XMM[14]=0x0000000000000000 0x0000000000000000
XMM[15]=0x0000000000000000 0x0000000000000000
  MXCSR=0x00001fa0


Top of Stack: (sp=0x000000fa15fff410)
0x000000fa15fff410:   0000000800c80000 000002b4ac000000
0x000000fa15fff420:   000002b4acc80000 000002acac000000
0x000000fa15fff430:   000002b4ac000000 0000000000000001
0x000000fa15fff440:   000000fa15fff550 0000000000000000
0x000000fa15fff450:   00009d1951e946c7 000002acac000000
0x000000fa15fff460:   00009d1951e94157 000000fa15fff6a0
0x000000fa15fff470:   000002b4aa5b9680 00007ff9acadeba8
0x000000fa15fff480:   000002b4ac000000 0000000000000000
0x000000fa15fff490:   0000000000000000 0000000000000000
0x000000fa15fff4a0:   000002b4ac000000 0000000001000000
0x000000fa15fff4b0:   0000000000000000 0000000000010000
0x000000fa15fff4c0:   0000000000001000 ffffffffaa5d6f00
0x000000fa15fff4d0:   000002b4aa5b9600 00000000000001fc
0x000000fa15fff4e0:   00009d1951e941c7 0000000000000000
0x000000fa15fff4f0:   0000000000000000 0000000000000001
0x000000fa15fff500:   0000000000000000 000002b4aa5b9680
0x000000fa15fff510:   000000fa15fff6a0 00007ff9ace46e59
0x000000fa15fff520:   0000000000000002 00007ff9ad406aa0
0x000000fa15fff530:   000002b4aa5b9680 000002b4aa5b9680
0x000000fa15fff540:   000000fa15fff550 0000000000001000
0x000000fa15fff550:   000002b4ac000000 0000000001000000
0x000000fa15fff560:   0000000000000000 0000000000010000
0x000000fa15fff570:   0000000000001000 ffffffffaa5d6f00
0x000000fa15fff580:   000002b4aa5b9600 000002b4aa5b9680
0x000000fa15fff590:   0000000000000000 00007ff9ace47089
0x000000fa15fff5a0:   0000000000000000 0000000001000000
0x000000fa15fff5b0:   000002b48bc4dc20 0000000000000000
0x000000fa15fff5c0:   000000fa15fff5d0 000000fa15fff608
0x000000fa15fff5d0:   000002b4ac000000 0000000001000000
0x000000fa15fff5e0:   0000000000000000 0000000000010000
0x000000fa15fff5f0:   0000000000001000 ffffffffaa5d6f00
0x000000fa15fff600:   000002b4aa5b9600 000002b4ad000000 

Instructions: (pc=0x00007ff9acade26e)
0x00007ff9acade16e:   e8 ed 7a db ff 48 8b 05 96 7f 97 00 48 85 c0 74
0x00007ff9acade17e:   1b 44 0f b6 83 a9 01 00 00 48 8d 0d 02 47 71 00
0x00007ff9acade18e:   0f b6 93 a8 01 00 00 e8 86 2b db ff 0f b6 05 04
0x00007ff9acade19e:   78 98 00 38 83 a8 01 00 00 75 67 0f b6 05 72 c4
0x00007ff9acade1ae:   91 00 38 83 a9 01 00 00 75 58 80 bb 01 03 00 00
0x00007ff9acade1be:   00 75 1f 48 8b 05 48 7f 97 00 c6 05 81 88 92 00
0x00007ff9acade1ce:   00 48 85 c0 74 0c 48 8d 0d b5 47 71 00 e8 40 2b
0x00007ff9acade1de:   db ff 80 bb 02 03 00 00 00 75 1f 48 8b 05 20 7f
0x00007ff9acade1ee:   97 00 c6 05 5a 88 92 00 00 48 85 c0 74 0c 48 8d
0x00007ff9acade1fe:   0d fd 47 71 00 e8 18 2b db ff b0 01 48 83 c4 20
0x00007ff9acade20e:   5b c3 48 8b 05 f9 7e 97 00 48 85 c0 74 0c 48 8d
0x00007ff9acade21e:   0d cd 46 71 00 e8 f8 2a db ff 32 c0 48 83 c4 20
0x00007ff9acade22e:   5b c3 48 89 5c 24 10 48 89 6c 24 18 48 89 74 24
0x00007ff9acade23e:   20 57 48 83 ec 60 48 8b 05 1d 70 94 00 48 33 c4
0x00007ff9acade24e:   48 89 44 24 50 80 3d c6 be 91 00 00 0f b6 ea 48
0x00007ff9acade25e:   8b f1 74 17 80 39 00 75 12 48 8b 0d 4a c5 97 00
0x00007ff9acade26e:   48 8b 01 ff 50 20 48 8b d8 eb 08 48 8b 59 18 48
0x00007ff9acade27e:   83 c3 04 48 8b 05 28 c6 97 00 40 b7 01 48 85 c0
0x00007ff9acade28e:   74 0f 48 8b d3 48 8d 0d 1e 30 71 00 e8 81 d1 f0
0x00007ff9acade29e:   ff 48 8d 54 24 20 48 8b cb e8 94 e2 3b 00 85 c0
0x00007ff9acade2ae:   74 28 40 84 ed 74 23 48 8b 05 5c 7e 97 00 48 85
0x00007ff9acade2be:   c0 74 47 48 8b d3 48 8d 0d 15 30 71 00 e8 90 79
0x00007ff9acade2ce:   db ff 40 32 ff e9 12 01 00 00 80 3e 02 75 33 48
0x00007ff9acade2de:   8b cb e8 5b 81 3b 00 84 c0 0f 85 fd 00 00 00 48
0x00007ff9acade2ee:   8b 05 24 7e 97 00 48 85 c0 74 0f 48 8b d3 48 8d
0x00007ff9acade2fe:   0d 0d 30 71 00 e8 58 79 db ff 40 32 ff e9 da 00
0x00007ff9acade30e:   00 00 48 8b 46 08 48 85 c0 74 07 48 3b 44 24 40
0x00007ff9acade31e:   75 0f 48 63 44 24 34 48 39 46 10 0f 84 bb 00 00
0x00007ff9acade32e:   00 48 8b 05 e2 7d 97 00 40 32 ff 40 38 3d 83 75
0x00007ff9acade33e:   98 00 74 2b 48 85 c0 0f 84 9f 00 00 00 48 8b 46
0x00007ff9acade34e:   08 48 8d 15 da 2f 71 00 48 3b 44 24 40 48 8d 0d
0x00007ff9acade35e:   e6 2f 71 00 48 0f 45 ca e8 f5 78 db ff eb 7d 48 



---------------  P R O C E S S  ---------------

Threads class SMR info:
_java_thread_list=0x00007ff9ad40a0c8, length=0, elements={
}

Java Threads: ( => current thread )
Total: 0

Other Threads:
  0x000002b48e011170 WorkerThread "GC Thread#0"                     [id=19400, stack(0x000000fa16000000,0x000000fa16100000) (1024K)]
  0x000002b48e0221d0 ConcurrentGCThread "G1 Main Marker"            [id=13928, stack(0x000000fa16100000,0x000000fa16200000) (1024K)]
  0x000002b48e023470 WorkerThread "G1 Conc#0"                       [id=7464, stack(0x000000fa16200000,0x000000fa16300000) (1024K)]
  0x000002b4aa5b5250 ConcurrentGCThread "G1 Refine#0"               [id=1752, stack(0x000000fa16300000,0x000000fa16400000) (1024K)]
  0x000002b4aa5b7cd0 ConcurrentGCThread "G1 Service"                [id=18708, stack(0x000000fa16400000,0x000000fa16500000) (1024K)]

=>0x000002b48bb82300 (exited) JavaThread "Unknown thread"    [_thread_in_vm, id=2492, stack(0x000000fa15f00000,0x000000fa16000000) (1024K)]
Total: 6

Threads with active compile tasks:
Total: 0

VM state: not at safepoint (not fully initialized)

VM Mutex/Monitor currently owned by a thread: None

Heap address: 0x0000000602400000, size: 8156 MB, Compressed Oops mode: Zero based, Oop shift amount: 3

CDS archive(s) mapped at: [0x0000000000000000-0x0000000000000000-0x0000000000000000), size 0, SharedBaseAddress: 0x0000000800000000, ArchiveRelocationMode: 1.
Narrow klass base: 0x0000000000000000, Narrow klass shift: 0, Narrow klass range: 0x0

GC Precious Log:
 CardTable entry size: 512
 Card Set container configuration: InlinePtr #cards 4 size 8 Array Of Cards #cards 32 size 80 Howl #buckets 8 coarsen threshold 7372 Howl Bitmap #cards 1024 size 144 coarsen threshold 921 Card regions per heap region 1 cards per card region 8192
 CPUs: 24 total, 24 available
 Memory: 32611M
 Large Page Support: Disabled
 NUMA Support: Disabled
 Compressed Oops: Enabled (Zero based)
 Heap Region Size: 4M
 Heap Min Capacity: 8M
 Heap Initial Capacity: 512M
 Heap Max Capacity: 8156M
 Pre-touch: Disabled
 Parallel Workers: 18
 Concurrent Workers: 5
 Concurrent Refinement Workers: 18
 Periodic GC: Disabled

Heap:
 garbage-first heap   total 524288K, used 0K [0x0000000602400000, 0x0000000800000000)
  region size 4096K, 0 young (0K), 0 survivors (0K)

[error occurred during error reporting (printing heap information), id 0xc0000005, EXCEPTION_ACCESS_VIOLATION (0xc0000005) at pc=0x00007ff9acef7949]
GC Heap History (0 events):
No events

Dll operation events (1 events):
Event: 0.009 Loaded shared library C:\Users\Admin\AppData\Roaming\Cursor\User\globalStorage\pleiades.java-extension-pack-jdk\java\21\bin\java.dll

Deoptimization events (0 events):
No events

Classes loaded (0 events):
No events

Classes unloaded (0 events):
No events

Classes redefined (0 events):
No events

Internal exceptions (0 events):
No events

ZGC Phase Switch (0 events):
No events

VM Operations (0 events):
No events

Memory protections (0 events):
No events

Nmethod flushes (0 events):
No events

Events (0 events):
No events


Dynamic libraries:
0x00007ff7b5d00000 - 0x00007ff7b5d0e000 	C:\Users\Admin\AppData\Roaming\Cursor\User\globalStorage\pleiades.java-extension-pack-jdk\java\21\bin\java.exe
0x00007ff9fa190000 - 0x00007ff9fa388000 	C:\Windows\SYSTEM32\ntdll.dll
0x00007ff9f8de0000 - 0x00007ff9f8ea2000 	C:\Windows\System32\KERNEL32.DLL
0x00007ff9f79c0000 - 0x00007ff9f7cb6000 	C:\Windows\System32\KERNELBASE.dll
0x00007ff9f7cc0000 - 0x00007ff9f7dc0000 	C:\Windows\System32\ucrtbase.dll
0x00007ff9f1250000 - 0x00007ff9f126e000 	C:\Users\Admin\AppData\Roaming\Cursor\User\globalStorage\pleiades.java-extension-pack-jdk\java\21\bin\VCRUNTIME140.dll
0x00007ff9dd720000 - 0x00007ff9dd738000 	C:\Users\Admin\AppData\Roaming\Cursor\User\globalStorage\pleiades.java-extension-pack-jdk\java\21\bin\jli.dll
0x00007ff9f9690000 - 0x00007ff9f982d000 	C:\Windows\System32\USER32.dll
0x00007ff9eb4f0000 - 0x00007ff9eb78a000 	C:\Windows\WinSxS\amd64_microsoft.windows.common-controls_6595b64144ccf1df_6.0.19041.5794_none_60bcd33171f2783c\COMCTL32.dll
0x00007ff9f8190000 - 0x00007ff9f81b2000 	C:\Windows\System32\win32u.dll
0x00007ff9f9940000 - 0x00007ff9f996b000 	C:\Windows\System32\GDI32.dll
0x00007ff9f98a0000 - 0x00007ff9f993e000 	C:\Windows\System32\msvcrt.dll
0x00007ff9f7e60000 - 0x00007ff9f7f7a000 	C:\Windows\System32\gdi32full.dll
0x00007ff9f7dc0000 - 0x00007ff9f7e5d000 	C:\Windows\System32\msvcp_win.dll
0x00007ff9f9660000 - 0x00007ff9f968f000 	C:\Windows\System32\IMM32.DLL
0x00007ff9dd710000 - 0x00007ff9dd71c000 	C:\Users\Admin\AppData\Roaming\Cursor\User\globalStorage\pleiades.java-extension-pack-jdk\java\21\bin\vcruntime140_1.dll
0x00007ff9dd680000 - 0x00007ff9dd70d000 	C:\Users\Admin\AppData\Roaming\Cursor\User\globalStorage\pleiades.java-extension-pack-jdk\java\21\bin\msvcp140.dll
0x00007ff9ac7d0000 - 0x00007ff9ad560000 	C:\Users\Admin\AppData\Roaming\Cursor\User\globalStorage\pleiades.java-extension-pack-jdk\java\21\bin\server\jvm.dll
0x00007ff9f9f00000 - 0x00007ff9f9faf000 	C:\Windows\System32\ADVAPI32.dll
0x00007ff9f9cb0000 - 0x00007ff9f9d4f000 	C:\Windows\System32\sechost.dll
0x00007ff9f9dd0000 - 0x00007ff9f9ef3000 	C:\Windows\System32\RPCRT4.dll
0x00007ff9f7990000 - 0x00007ff9f79b7000 	C:\Windows\System32\bcrypt.dll
0x00007ff9f9830000 - 0x00007ff9f989b000 	C:\Windows\System32\WS2_32.dll
0x00007ff9f73a0000 - 0x00007ff9f73eb000 	C:\Windows\SYSTEM32\POWRPROF.dll
0x00007ff9f14e0000 - 0x00007ff9f14ea000 	C:\Windows\SYSTEM32\VERSION.dll
0x00007ff9f08c0000 - 0x00007ff9f08e7000 	C:\Windows\SYSTEM32\WINMM.dll
0x00007ff9f7380000 - 0x00007ff9f7392000 	C:\Windows\SYSTEM32\UMPDC.dll
0x00007ff9f56d0000 - 0x00007ff9f56e2000 	C:\Windows\SYSTEM32\kernel.appcore.dll
0x00007ff9dd670000 - 0x00007ff9dd67a000 	C:\Users\Admin\AppData\Roaming\Cursor\User\globalStorage\pleiades.java-extension-pack-jdk\java\21\bin\jimage.dll
0x00007ff9e9340000 - 0x00007ff9e9541000 	C:\Windows\SYSTEM32\DBGHELP.DLL
0x00007ff9e2c50000 - 0x00007ff9e2c84000 	C:\Windows\SYSTEM32\dbgcore.DLL
0x00007ff9f7880000 - 0x00007ff9f7902000 	C:\Windows\System32\bcryptPrimitives.dll
0x00007ff9dd650000 - 0x00007ff9dd66f000 	C:\Users\Admin\AppData\Roaming\Cursor\User\globalStorage\pleiades.java-extension-pack-jdk\java\21\bin\java.dll

dbghelp: loaded successfully - version: 4.0.5 - missing functions: none
symbol engine: initialized successfully - sym options: 0x614 - pdb path: .;C:\Users\Admin\AppData\Roaming\Cursor\User\globalStorage\pleiades.java-extension-pack-jdk\java\21\bin;C:\Windows\SYSTEM32;C:\Windows\WinSxS\amd64_microsoft.windows.common-controls_6595b64144ccf1df_6.0.19041.5794_none_60bcd33171f2783c;C:\Users\Admin\AppData\Roaming\Cursor\User\globalStorage\pleiades.java-extension-pack-jdk\java\21\bin\server

VM Arguments:
jvm_args: -Dclassworlds.conf=C:\Users\Admin\AppData\Roaming\Cursor\User\globalStorage\pleiades.java-extension-pack-jdk\maven\latest\bin\m2.conf -Dmaven.home=C:\Users\Admin\AppData\Roaming\Cursor\User\globalStorage\pleiades.java-extension-pack-jdk\maven\latest -Dlibrary.jansi.path=C:\Users\Admin\AppData\Roaming\Cursor\User\globalStorage\pleiades.java-extension-pack-jdk\maven\latest\lib\jansi-native -Dmaven.multiModuleProjectDirectory=D:\ReviewStarup\revieworld 
java_command: org.codehaus.plexus.classworlds.launcher.Launcher spring-boot:run
java_class_path (initial): C:\Users\Admin\AppData\Roaming\Cursor\User\globalStorage\pleiades.java-extension-pack-jdk\maven\latest\boot\plexus-classworlds-2.8.0.jar
Launcher Type: SUN_STANDARD

[Global flags]
     intx CICompilerCount                          = 12                                        {product} {ergonomic}
     uint ConcGCThreads                            = 5                                         {product} {ergonomic}
     uint G1ConcRefinementThreads                  = 18                                        {product} {ergonomic}
   size_t G1HeapRegionSize                         = 4194304                                   {product} {ergonomic}
    uintx GCDrainStackTargetSize                   = 64                                        {product} {ergonomic}
   size_t InitialHeapSize                          = 536870912                                 {product} {ergonomic}
   size_t MarkStackSize                            = 4194304                                   {product} {ergonomic}
   size_t MaxHeapSize                              = 8552185856                                {product} {ergonomic}
   size_t MaxNewSize                               = 5129633792                                {product} {ergonomic}
   size_t MinHeapDeltaBytes                        = 4194304                                   {product} {ergonomic}
   size_t MinHeapSize                              = 8388608                                   {product} {ergonomic}
    uintx NonNMethodCodeHeapSize                   = 7602480                                {pd product} {ergonomic}
    uintx NonProfiledCodeHeapSize                  = 122027880                              {pd product} {ergonomic}
    uintx ProfiledCodeHeapSize                     = 122027880                              {pd product} {ergonomic}
    uintx ReservedCodeCacheSize                    = 251658240                              {pd product} {ergonomic}
     bool SegmentedCodeCache                       = true                                      {product} {ergonomic}
   size_t SoftMaxHeapSize                          = 8552185856                             {manageable} {ergonomic}
     bool UseCompressedOops                        = true                           {product lp64_product} {ergonomic}
     bool UseG1GC                                  = true                                      {product} {ergonomic}
     bool UseLargePagesIndividualAllocation        = false                                  {pd product} {ergonomic}

Logging:
Log output configuration:
 #0: stdout all=warning uptime,level,tags foldmultilines=false
 #1: stderr all=off uptime,level,tags foldmultilines=false

Environment Variables:
JAVA_HOME=C:\Users\Admin\AppData\Roaming\Cursor\User\globalStorage\pleiades.java-extension-pack-jdk\java\21
PATH=C:\Users\Admin\AppData\Roaming\Cursor\User\globalStorage\pleiades.java-extension-pack-jdk\gradle\latest\bin;C:\Users\Admin\AppData\Roaming\Cursor\User\globalStorage\pleiades.java-extension-pack-jdk\maven\latest\bin;C:\Users\Admin\AppData\Roaming\Cursor\User\globalStorage\pleiades.java-extension-pack-jdk\java\21\bin;C:\Program Files (x86)\Common Files\Oracle\Java\java8path;C:\Program Files (x86)\Common Files\Oracle\Java\javapath;C:\Windows\system32;C:\Windows;C:\Windows\System32\Wbem;C:\Windows\System32\WindowsPowerShell\v1.0\;C:\Windows\System32\OpenSSH\;C:\Program Files\PowerShell\7\;C:\Program Files\Git\cmd;C:\Program Files\eSpeak NG\;C:\Program Files (x86)\Git\cmd;C:\Users\Admin\AppData\Local\Programs\Python\Python312\Scripts\;C:\Users\Admin\AppData\Local\Programs\Python\Python312\;C:\Users\Admin\AppData\Local\Microsoft\WindowsApps;C:\ffmpeg\ffmpeg\bin;C:\Users\Admin\AppData\Local\Programs\Microsoft VS Code\bin;D:\cursor\resources\app\bin
USERNAME=Admin
LANG=en_US.UTF-8
OS=Windows_NT
PROCESSOR_IDENTIFIER=Intel64 Family 6 Model 63 Stepping 2, GenuineIntel
TMP=C:\Users\Admin\AppData\Local\Temp
TEMP=C:\Users\Admin\AppData\Local\Temp




Periodic native trim disabled

---------------  S Y S T E M  ---------------

OS:
 Windows 10 , 64 bit Build 19041 (10.0.19041.5794)
OS uptime: 2 days 17:50 hours

CPU: total 24 (initial active 24) (12 cores per cpu, 2 threads per core) family 6 model 63 stepping 2 microcode 0x43, cx8, cmov, fxsr, ht, mmx, sse, sse2, sse3, ssse3, sse4.1, sse4.2, popcnt, lzcnt, tsc, tscinvbit, avx, avx2, aes, erms, clmul, bmi1, bmi2, fma, vzeroupper, clflush, rdtscp, f16c
Processor Information for processor 0
  Max Mhz: 2401, Current Mhz: 1200, Mhz Limit: 2401
Processor Information for processor 1
  Max Mhz: 2401, Current Mhz: 1200, Mhz Limit: 2401
Processor Information for processor 2
  Max Mhz: 2401, Current Mhz: 2401, Mhz Limit: 2401
Processor Information for processor 3
  Max Mhz: 2401, Current Mhz: 1200, Mhz Limit: 2401
Processor Information for processor 4
  Max Mhz: 2401, Current Mhz: 1200, Mhz Limit: 2401
Processor Information for processor 5
  Max Mhz: 2401, Current Mhz: 1200, Mhz Limit: 2401
Processor Information for processor 6
  Max Mhz: 2401, Current Mhz: 2401, Mhz Limit: 2401
Processor Information for processor 7
  Max Mhz: 2401, Current Mhz: 1200, Mhz Limit: 2401
Processor Information for processor 8
  Max Mhz: 2401, Current Mhz: 2401, Mhz Limit: 2401
Processor Information for processor 9
  Max Mhz: 2401, Current Mhz: 1200, Mhz Limit: 2401
Processor Information for processor 10
  Max Mhz: 2401, Current Mhz: 2401, Mhz Limit: 2401
Processor Information for processor 11
  Max Mhz: 2401, Current Mhz: 1200, Mhz Limit: 2401
Processor Information for processor 12
  Max Mhz: 2401, Current Mhz: 2401, Mhz Limit: 2401
Processor Information for processor 13
  Max Mhz: 2401, Current Mhz: 1200, Mhz Limit: 2401
Processor Information for processor 14
  Max Mhz: 2401, Current Mhz: 1900, Mhz Limit: 2401
Processor Information for processor 15
  Max Mhz: 2401, Current Mhz: 1200, Mhz Limit: 2401
Processor Information for processor 16
  Max Mhz: 2401, Current Mhz: 1200, Mhz Limit: 2401
Processor Information for processor 17
  Max Mhz: 2401, Current Mhz: 1200, Mhz Limit: 2401
Processor Information for processor 18
  Max Mhz: 2401, Current Mhz: 1200, Mhz Limit: 2401
Processor Information for processor 19
  Max Mhz: 2401, Current Mhz: 1200, Mhz Limit: 2401
Processor Information for processor 20
  Max Mhz: 2401, Current Mhz: 1200, Mhz Limit: 2401
Processor Information for processor 21
  Max Mhz: 2401, Current Mhz: 2401, Mhz Limit: 2401
Processor Information for processor 22
  Max Mhz: 2401, Current Mhz: 1200, Mhz Limit: 2401
Processor Information for processor 23
  Max Mhz: 2401, Current Mhz: 1200, Mhz Limit: 2401

Memory: 4k page, system-wide physical 32611M (19413M free)
TotalPageFile size 37475M (AvailPageFile size 22400M)
current process WorkingSet (physical memory assigned to process): 25M, peak: 25M
current process commit charge ("private bytes"): 617M, peak: 617M

vm_info: OpenJDK 64-Bit Server VM (21.0.7+6-LTS) for windows-amd64 JRE (21.0.7+6-LTS), built on 2025-04-15T00:00:00Z by "admin" with MS VC++ 17.7 (VS2022)

END.
